CRITICAL - 2021-08-18 11:33:11 --> Undefined property: App\Controllers\Login_register::$input
#0 C:\xampp\htdocs\blog\app\Controllers\Login_register.php(18): CodeIgniter\Debug\Exceptions->errorHandler(8, 'Undefined prope...', 'C:\\xampp\\htdocs...', 18, Array)
#1 C:\xampp\htdocs\blog\vendor\codeigniter4\framework\system\CodeIgniter.php(928): App\Controllers\Login_register->register_handle()
#2 C:\xampp\htdocs\blog\vendor\codeigniter4\framework\system\CodeIgniter.php(436): CodeIgniter\CodeIgniter->runController(Object(App\Controllers\Login_register))
#3 C:\xampp\htdocs\blog\vendor\codeigniter4\framework\system\CodeIgniter.php(336): CodeIgniter\CodeIgniter->handleRequest(NULL, Object(Config\Cache), false)
#4 C:\xampp\htdocs\blog\index.php(37): CodeIgniter\CodeIgniter->run()
#5 {main}
CRITICAL - 2021-08-18 11:37:22 --> Undefined variable: request
#0 C:\xampp\htdocs\blog\app\Controllers\Login_register.php(19): CodeIgniter\Debug\Exceptions->errorHandler(8, 'Undefined varia...', 'C:\\xampp\\htdocs...', 19, Array)
#1 C:\xampp\htdocs\blog\vendor\codeigniter4\framework\system\CodeIgniter.php(928): App\Controllers\Login_register->register_handle()
#2 C:\xampp\htdocs\blog\vendor\codeigniter4\framework\system\CodeIgniter.php(436): CodeIgniter\CodeIgniter->runController(Object(App\Controllers\Login_register))
#3 C:\xampp\htdocs\blog\vendor\codeigniter4\framework\system\CodeIgniter.php(336): CodeIgniter\CodeIgniter->handleRequest(NULL, Object(Config\Cache), false)
#4 C:\xampp\htdocs\blog\index.php(37): CodeIgniter\CodeIgniter->run()
#5 {main}
CRITICAL - 2021-08-18 11:41:17 --> Undefined property: App\Controllers\Login_register::$RequestInterface
#0 C:\xampp\htdocs\blog\app\Controllers\Login_register.php(24): CodeIgniter\Debug\Exceptions->errorHandler(8, 'Undefined prope...', 'C:\\xampp\\htdocs...', 24, Array)
#1 C:\xampp\htdocs\blog\vendor\codeigniter4\framework\system\CodeIgniter.php(928): App\Controllers\Login_register->register_handle()
#2 C:\xampp\htdocs\blog\vendor\codeigniter4\framework\system\CodeIgniter.php(436): CodeIgniter\CodeIgniter->runController(Object(App\Controllers\Login_register))
#3 C:\xampp\htdocs\blog\vendor\codeigniter4\framework\system\CodeIgniter.php(336): CodeIgniter\CodeIgniter->handleRequest(NULL, Object(Config\Cache), false)
#4 C:\xampp\htdocs\blog\index.php(37): CodeIgniter\CodeIgniter->run()
#5 {main}
CRITICAL - 2021-08-18 12:00:52 --> Array to string conversion
#0 C:\xampp\htdocs\blog\app\Models\Login_register_model.php(11): CodeIgniter\Debug\Exceptions->errorHandler(8, 'Array to string...', 'C:\\xampp\\htdocs...', 11, Array)
#1 C:\xampp\htdocs\blog\app\Controllers\Login_register.php(27): App\Models\Login_register_model->register_user('users', Array)
#2 C:\xampp\htdocs\blog\vendor\codeigniter4\framework\system\CodeIgniter.php(928): App\Controllers\Login_register->register_handle()
#3 C:\xampp\htdocs\blog\vendor\codeigniter4\framework\system\CodeIgniter.php(436): CodeIgniter\CodeIgniter->runController(Object(App\Controllers\Login_register))
#4 C:\xampp\htdocs\blog\vendor\codeigniter4\framework\system\CodeIgniter.php(336): CodeIgniter\CodeIgniter->handleRequest(NULL, Object(Config\Cache), false)
#5 C:\xampp\htdocs\blog\index.php(37): CodeIgniter\CodeIgniter->run()
#6 {main}
CRITICAL - 2021-08-18 12:01:02 --> Array to string conversion
#0 C:\xampp\htdocs\blog\app\Models\Login_register_model.php(11): CodeIgniter\Debug\Exceptions->errorHandler(8, 'Array to string...', 'C:\\xampp\\htdocs...', 11, Array)
#1 C:\xampp\htdocs\blog\app\Controllers\Login_register.php(27): App\Models\Login_register_model->register_user('users', Array)
#2 C:\xampp\htdocs\blog\vendor\codeigniter4\framework\system\CodeIgniter.php(928): App\Controllers\Login_register->register_handle()
#3 C:\xampp\htdocs\blog\vendor\codeigniter4\framework\system\CodeIgniter.php(436): CodeIgniter\CodeIgniter->runController(Object(App\Controllers\Login_register))
#4 C:\xampp\htdocs\blog\vendor\codeigniter4\framework\system\CodeIgniter.php(336): CodeIgniter\CodeIgniter->handleRequest(NULL, Object(Config\Cache), false)
#5 C:\xampp\htdocs\blog\index.php(37): CodeIgniter\CodeIgniter->run()
#6 {main}
ERROR - 2021-08-18 12:04:45 --> Unknown column 'email' in 'where clause'
CRITICAL - 2021-08-18 12:04:45 --> Unknown column 'email' in 'where clause'
#0 C:\xampp\htdocs\blog\vendor\codeigniter4\framework\system\Database\MySQLi\Connection.php(329): mysqli->query('SELECT *\nFROM `...')
#1 C:\xampp\htdocs\blog\vendor\codeigniter4\framework\system\Database\BaseConnection.php(732): CodeIgniter\Database\MySQLi\Connection->execute('SELECT *\nFROM `...')
#2 C:\xampp\htdocs\blog\vendor\codeigniter4\framework\system\Database\BaseConnection.php(647): CodeIgniter\Database\BaseConnection->simpleQuery('SELECT *\nFROM `...')
#3 C:\xampp\htdocs\blog\vendor\codeigniter4\framework\system\Database\BaseBuilder.php(1881): CodeIgniter\Database\BaseConnection->query('SELECT *\nFROM `...', Array, false)
#4 C:\xampp\htdocs\blog\app\Models\Login_register_model.php(13): CodeIgniter\Database\BaseBuilder->get()
#5 C:\xampp\htdocs\blog\app\Controllers\Login_register.php(27): App\Models\Login_register_model->register_user('users', Array)
#6 C:\xampp\htdocs\blog\vendor\codeigniter4\framework\system\CodeIgniter.php(928): App\Controllers\Login_register->register_handle()
#7 C:\xampp\htdocs\blog\vendor\codeigniter4\framework\system\CodeIgniter.php(436): CodeIgniter\CodeIgniter->runController(Object(App\Controllers\Login_register))
#8 C:\xampp\htdocs\blog\vendor\codeigniter4\framework\system\CodeIgniter.php(336): CodeIgniter\CodeIgniter->handleRequest(NULL, Object(Config\Cache), false)
#9 C:\xampp\htdocs\blog\index.php(37): CodeIgniter\CodeIgniter->run()
#10 {main}
ERROR - 2021-08-18 12:04:56 --> Unknown column 'email' in 'where clause'
CRITICAL - 2021-08-18 12:04:56 --> Unknown column 'email' in 'where clause'
#0 C:\xampp\htdocs\blog\vendor\codeigniter4\framework\system\Database\MySQLi\Connection.php(329): mysqli->query('SELECT *\nFROM `...')
#1 C:\xampp\htdocs\blog\vendor\codeigniter4\framework\system\Database\BaseConnection.php(732): CodeIgniter\Database\MySQLi\Connection->execute('SELECT *\nFROM `...')
#2 C:\xampp\htdocs\blog\vendor\codeigniter4\framework\system\Database\BaseConnection.php(647): CodeIgniter\Database\BaseConnection->simpleQuery('SELECT *\nFROM `...')
#3 C:\xampp\htdocs\blog\vendor\codeigniter4\framework\system\Database\BaseBuilder.php(1881): CodeIgniter\Database\BaseConnection->query('SELECT *\nFROM `...', Array, false)
#4 C:\xampp\htdocs\blog\app\Models\Login_register_model.php(13): CodeIgniter\Database\BaseBuilder->get()
#5 C:\xampp\htdocs\blog\app\Controllers\Login_register.php(27): App\Models\Login_register_model->register_user('users', Array)
#6 C:\xampp\htdocs\blog\vendor\codeigniter4\framework\system\CodeIgniter.php(928): App\Controllers\Login_register->register_handle()
#7 C:\xampp\htdocs\blog\vendor\codeigniter4\framework\system\CodeIgniter.php(436): CodeIgniter\CodeIgniter->runController(Object(App\Controllers\Login_register))
#8 C:\xampp\htdocs\blog\vendor\codeigniter4\framework\system\CodeIgniter.php(336): CodeIgniter\CodeIgniter->handleRequest(NULL, Object(Config\Cache), false)
#9 C:\xampp\htdocs\blog\index.php(37): CodeIgniter\CodeIgniter->run()
#10 {main}
ERROR - 2021-08-18 12:05:31 --> Unknown column 'email' in 'where clause'
CRITICAL - 2021-08-18 12:05:31 --> Unknown column 'email' in 'where clause'
#0 C:\xampp\htdocs\blog\vendor\codeigniter4\framework\system\Database\MySQLi\Connection.php(329): mysqli->query('SELECT *\nFROM `...')
#1 C:\xampp\htdocs\blog\vendor\codeigniter4\framework\system\Database\BaseConnection.php(732): CodeIgniter\Database\MySQLi\Connection->execute('SELECT *\nFROM `...')
#2 C:\xampp\htdocs\blog\vendor\codeigniter4\framework\system\Database\BaseConnection.php(647): CodeIgniter\Database\BaseConnection->simpleQuery('SELECT *\nFROM `...')
#3 C:\xampp\htdocs\blog\vendor\codeigniter4\framework\system\Database\BaseBuilder.php(1881): CodeIgniter\Database\BaseConnection->query('SELECT *\nFROM `...', Array, false)
#4 C:\xampp\htdocs\blog\app\Models\Login_register_model.php(13): CodeIgniter\Database\BaseBuilder->get()
#5 C:\xampp\htdocs\blog\app\Controllers\Login_register.php(27): App\Models\Login_register_model->register_user('users', Array)
#6 C:\xampp\htdocs\blog\vendor\codeigniter4\framework\system\CodeIgniter.php(928): App\Controllers\Login_register->register_handle()
#7 C:\xampp\htdocs\blog\vendor\codeigniter4\framework\system\CodeIgniter.php(436): CodeIgniter\CodeIgniter->runController(Object(App\Controllers\Login_register))
#8 C:\xampp\htdocs\blog\vendor\codeigniter4\framework\system\CodeIgniter.php(336): CodeIgniter\CodeIgniter->handleRequest(NULL, Object(Config\Cache), false)
#9 C:\xampp\htdocs\blog\index.php(37): CodeIgniter\CodeIgniter->run()
#10 {main}
ERROR - 2021-08-18 12:06:30 --> Unknown column 'email' in 'where clause'
CRITICAL - 2021-08-18 12:06:30 --> Unknown column 'email' in 'where clause'
#0 C:\xampp\htdocs\blog\vendor\codeigniter4\framework\system\Database\MySQLi\Connection.php(329): mysqli->query('SELECT *\nFROM `...')
#1 C:\xampp\htdocs\blog\vendor\codeigniter4\framework\system\Database\BaseConnection.php(732): CodeIgniter\Database\MySQLi\Connection->execute('SELECT *\nFROM `...')
#2 C:\xampp\htdocs\blog\vendor\codeigniter4\framework\system\Database\BaseConnection.php(647): CodeIgniter\Database\BaseConnection->simpleQuery('SELECT *\nFROM `...')
#3 C:\xampp\htdocs\blog\vendor\codeigniter4\framework\system\Database\BaseBuilder.php(1881): CodeIgniter\Database\BaseConnection->query('SELECT *\nFROM `...', Array, false)
#4 C:\xampp\htdocs\blog\app\Models\Login_register_model.php(15): CodeIgniter\Database\BaseBuilder->get()
#5 C:\xampp\htdocs\blog\app\Controllers\Login_register.php(27): App\Models\Login_register_model->register_user('users', Array)
#6 C:\xampp\htdocs\blog\vendor\codeigniter4\framework\system\CodeIgniter.php(928): App\Controllers\Login_register->register_handle()
#7 C:\xampp\htdocs\blog\vendor\codeigniter4\framework\system\CodeIgniter.php(436): CodeIgniter\CodeIgniter->runController(Object(App\Controllers\Login_register))
#8 C:\xampp\htdocs\blog\vendor\codeigniter4\framework\system\CodeIgniter.php(336): CodeIgniter\CodeIgniter->handleRequest(NULL, Object(Config\Cache), false)
#9 C:\xampp\htdocs\blog\index.php(37): CodeIgniter\CodeIgniter->run()
#10 {main}
CRITICAL - 2021-08-18 12:17:22 -->  route cannot be found while reverse-routing.
#0 C:\xampp\htdocs\blog\vendor\codeigniter4\framework\system\HTTP\RedirectResponse.php(64): CodeIgniter\HTTP\Exceptions\HTTPException::forInvalidRedirectRoute('')
#1 C:\xampp\htdocs\blog\vendor\codeigniter4\framework\system\Common.php(972): CodeIgniter\HTTP\RedirectResponse->route(false)
#2 C:\xampp\htdocs\blog\app\Controllers\Login_register.php(34): redirect('http://localhos...', 'refresh')
#3 C:\xampp\htdocs\blog\vendor\codeigniter4\framework\system\CodeIgniter.php(928): App\Controllers\Login_register->register_handle()
#4 C:\xampp\htdocs\blog\vendor\codeigniter4\framework\system\CodeIgniter.php(436): CodeIgniter\CodeIgniter->runController(Object(App\Controllers\Login_register))
#5 C:\xampp\htdocs\blog\vendor\codeigniter4\framework\system\CodeIgniter.php(336): CodeIgniter\CodeIgniter->handleRequest(NULL, Object(Config\Cache), false)
#6 C:\xampp\htdocs\blog\index.php(37): CodeIgniter\CodeIgniter->run()
#7 {main}
CRITICAL - 2021-08-18 12:18:24 -->  route cannot be found while reverse-routing.
#0 C:\xampp\htdocs\blog\vendor\codeigniter4\framework\system\HTTP\RedirectResponse.php(64): CodeIgniter\HTTP\Exceptions\HTTPException::forInvalidRedirectRoute('')
#1 C:\xampp\htdocs\blog\vendor\codeigniter4\framework\system\Common.php(972): CodeIgniter\HTTP\RedirectResponse->route(false)
#2 C:\xampp\htdocs\blog\app\Controllers\Login_register.php(41): redirect('http://localhos...', 'refresh')
#3 C:\xampp\htdocs\blog\vendor\codeigniter4\framework\system\CodeIgniter.php(928): App\Controllers\Login_register->register_handle()
#4 C:\xampp\htdocs\blog\vendor\codeigniter4\framework\system\CodeIgniter.php(436): CodeIgniter\CodeIgniter->runController(Object(App\Controllers\Login_register))
#5 C:\xampp\htdocs\blog\vendor\codeigniter4\framework\system\CodeIgniter.php(336): CodeIgniter\CodeIgniter->handleRequest(NULL, Object(Config\Cache), false)
#6 C:\xampp\htdocs\blog\index.php(37): CodeIgniter\CodeIgniter->run()
#7 {main}
CRITICAL - 2021-08-18 12:18:38 -->  route cannot be found while reverse-routing.
#0 C:\xampp\htdocs\blog\vendor\codeigniter4\framework\system\HTTP\RedirectResponse.php(64): CodeIgniter\HTTP\Exceptions\HTTPException::forInvalidRedirectRoute('')
#1 C:\xampp\htdocs\blog\vendor\codeigniter4\framework\system\Common.php(972): CodeIgniter\HTTP\RedirectResponse->route(false)
#2 C:\xampp\htdocs\blog\app\Controllers\Login_register.php(41): redirect('http://localhos...')
#3 C:\xampp\htdocs\blog\vendor\codeigniter4\framework\system\CodeIgniter.php(928): App\Controllers\Login_register->register_handle()
#4 C:\xampp\htdocs\blog\vendor\codeigniter4\framework\system\CodeIgniter.php(436): CodeIgniter\CodeIgniter->runController(Object(App\Controllers\Login_register))
#5 C:\xampp\htdocs\blog\vendor\codeigniter4\framework\system\CodeIgniter.php(336): CodeIgniter\CodeIgniter->handleRequest(NULL, Object(Config\Cache), false)
#6 C:\xampp\htdocs\blog\index.php(37): CodeIgniter\CodeIgniter->run()
#7 {main}
CRITICAL - 2021-08-18 12:19:39 -->  route cannot be found while reverse-routing.
#0 C:\xampp\htdocs\blog\vendor\codeigniter4\framework\system\HTTP\RedirectResponse.php(64): CodeIgniter\HTTP\Exceptions\HTTPException::forInvalidRedirectRoute('')
#1 C:\xampp\htdocs\blog\vendor\codeigniter4\framework\system\Common.php(972): CodeIgniter\HTTP\RedirectResponse->route(false)
#2 C:\xampp\htdocs\blog\app\Controllers\Login_register.php(41): redirect('http://localhos...')
#3 C:\xampp\htdocs\blog\vendor\codeigniter4\framework\system\CodeIgniter.php(928): App\Controllers\Login_register->register_handle()
#4 C:\xampp\htdocs\blog\vendor\codeigniter4\framework\system\CodeIgniter.php(436): CodeIgniter\CodeIgniter->runController(Object(App\Controllers\Login_register))
#5 C:\xampp\htdocs\blog\vendor\codeigniter4\framework\system\CodeIgniter.php(336): CodeIgniter\CodeIgniter->handleRequest(NULL, Object(Config\Cache), false)
#6 C:\xampp\htdocs\blog\index.php(37): CodeIgniter\CodeIgniter->run()
#7 {main}
CRITICAL - 2021-08-18 12:19:57 -->  route cannot be found while reverse-routing.
#0 C:\xampp\htdocs\blog\vendor\codeigniter4\framework\system\HTTP\RedirectResponse.php(64): CodeIgniter\HTTP\Exceptions\HTTPException::forInvalidRedirectRoute('')
#1 C:\xampp\htdocs\blog\vendor\codeigniter4\framework\system\Common.php(972): CodeIgniter\HTTP\RedirectResponse->route(false)
#2 C:\xampp\htdocs\blog\app\Controllers\Login_register.php(41): redirect('http://localhos...')
#3 C:\xampp\htdocs\blog\vendor\codeigniter4\framework\system\CodeIgniter.php(928): App\Controllers\Login_register->register_handle()
#4 C:\xampp\htdocs\blog\vendor\codeigniter4\framework\system\CodeIgniter.php(436): CodeIgniter\CodeIgniter->runController(Object(App\Controllers\Login_register))
#5 C:\xampp\htdocs\blog\vendor\codeigniter4\framework\system\CodeIgniter.php(336): CodeIgniter\CodeIgniter->handleRequest(NULL, Object(Config\Cache), false)
#6 C:\xampp\htdocs\blog\index.php(37): CodeIgniter\CodeIgniter->run()
#7 {main}
CRITICAL - 2021-08-18 12:20:10 -->  route cannot be found while reverse-routing.
#0 C:\xampp\htdocs\blog\vendor\codeigniter4\framework\system\HTTP\RedirectResponse.php(64): CodeIgniter\HTTP\Exceptions\HTTPException::forInvalidRedirectRoute('')
#1 C:\xampp\htdocs\blog\vendor\codeigniter4\framework\system\Common.php(972): CodeIgniter\HTTP\RedirectResponse->route(false)
#2 C:\xampp\htdocs\blog\app\Controllers\Login_register.php(34): redirect('http://localhos...')
#3 C:\xampp\htdocs\blog\vendor\codeigniter4\framework\system\CodeIgniter.php(928): App\Controllers\Login_register->register_handle()
#4 C:\xampp\htdocs\blog\vendor\codeigniter4\framework\system\CodeIgniter.php(436): CodeIgniter\CodeIgniter->runController(Object(App\Controllers\Login_register))
#5 C:\xampp\htdocs\blog\vendor\codeigniter4\framework\system\CodeIgniter.php(336): CodeIgniter\CodeIgniter->handleRequest(NULL, Object(Config\Cache), false)
#6 C:\xampp\htdocs\blog\index.php(37): CodeIgniter\CodeIgniter->run()
#7 {main}
CRITICAL - 2021-08-18 12:23:21 -->  route cannot be found while reverse-routing.
#0 C:\xampp\htdocs\blog\vendor\codeigniter4\framework\system\HTTP\RedirectResponse.php(64): CodeIgniter\HTTP\Exceptions\HTTPException::forInvalidRedirectRoute('')
#1 C:\xampp\htdocs\blog\vendor\codeigniter4\framework\system\Common.php(972): CodeIgniter\HTTP\RedirectResponse->route(false)
#2 C:\xampp\htdocs\blog\app\Controllers\Login_register.php(41): redirect('http://localhos...')
#3 C:\xampp\htdocs\blog\vendor\codeigniter4\framework\system\CodeIgniter.php(928): App\Controllers\Login_register->register_handle()
#4 C:\xampp\htdocs\blog\vendor\codeigniter4\framework\system\CodeIgniter.php(436): CodeIgniter\CodeIgniter->runController(Object(App\Controllers\Login_register))
#5 C:\xampp\htdocs\blog\vendor\codeigniter4\framework\system\CodeIgniter.php(336): CodeIgniter\CodeIgniter->handleRequest(NULL, Object(Config\Cache), false)
#6 C:\xampp\htdocs\blog\index.php(37): CodeIgniter\CodeIgniter->run()
#7 {main}
CRITICAL - 2021-08-18 12:23:56 -->  route cannot be found while reverse-routing.
#0 C:\xampp\htdocs\blog\vendor\codeigniter4\framework\system\HTTP\RedirectResponse.php(64): CodeIgniter\HTTP\Exceptions\HTTPException::forInvalidRedirectRoute('')
#1 C:\xampp\htdocs\blog\vendor\codeigniter4\framework\system\Common.php(972): CodeIgniter\HTTP\RedirectResponse->route(false)
#2 C:\xampp\htdocs\blog\app\Controllers\Login_register.php(34): redirect('/login', 'refresh')
#3 C:\xampp\htdocs\blog\vendor\codeigniter4\framework\system\CodeIgniter.php(928): App\Controllers\Login_register->register_handle()
#4 C:\xampp\htdocs\blog\vendor\codeigniter4\framework\system\CodeIgniter.php(436): CodeIgniter\CodeIgniter->runController(Object(App\Controllers\Login_register))
#5 C:\xampp\htdocs\blog\vendor\codeigniter4\framework\system\CodeIgniter.php(336): CodeIgniter\CodeIgniter->handleRequest(NULL, Object(Config\Cache), false)
#6 C:\xampp\htdocs\blog\index.php(37): CodeIgniter\CodeIgniter->run()
#7 {main}
CRITICAL - 2021-08-18 12:24:12 -->  route cannot be found while reverse-routing.
#0 C:\xampp\htdocs\blog\vendor\codeigniter4\framework\system\HTTP\RedirectResponse.php(64): CodeIgniter\HTTP\Exceptions\HTTPException::forInvalidRedirectRoute('')
#1 C:\xampp\htdocs\blog\vendor\codeigniter4\framework\system\Common.php(972): CodeIgniter\HTTP\RedirectResponse->route(false)
#2 C:\xampp\htdocs\blog\app\Controllers\Login_register.php(34): redirect('login/', 'refresh')
#3 C:\xampp\htdocs\blog\vendor\codeigniter4\framework\system\CodeIgniter.php(928): App\Controllers\Login_register->register_handle()
#4 C:\xampp\htdocs\blog\vendor\codeigniter4\framework\system\CodeIgniter.php(436): CodeIgniter\CodeIgniter->runController(Object(App\Controllers\Login_register))
#5 C:\xampp\htdocs\blog\vendor\codeigniter4\framework\system\CodeIgniter.php(336): CodeIgniter\CodeIgniter->handleRequest(NULL, Object(Config\Cache), false)
#6 C:\xampp\htdocs\blog\index.php(37): CodeIgniter\CodeIgniter->run()
#7 {main}
CRITICAL - 2021-08-18 12:24:31 -->  route cannot be found while reverse-routing.
#0 C:\xampp\htdocs\blog\vendor\codeigniter4\framework\system\HTTP\RedirectResponse.php(64): CodeIgniter\HTTP\Exceptions\HTTPException::forInvalidRedirectRoute('')
#1 C:\xampp\htdocs\blog\vendor\codeigniter4\framework\system\Common.php(972): CodeIgniter\HTTP\RedirectResponse->route(false)
#2 C:\xampp\htdocs\blog\app\Controllers\Login_register.php(34): redirect('http://localhos...', 'refresh')
#3 C:\xampp\htdocs\blog\vendor\codeigniter4\framework\system\CodeIgniter.php(928): App\Controllers\Login_register->register_handle()
#4 C:\xampp\htdocs\blog\vendor\codeigniter4\framework\system\CodeIgniter.php(436): CodeIgniter\CodeIgniter->runController(Object(App\Controllers\Login_register))
#5 C:\xampp\htdocs\blog\vendor\codeigniter4\framework\system\CodeIgniter.php(336): CodeIgniter\CodeIgniter->handleRequest(NULL, Object(Config\Cache), false)
#6 C:\xampp\htdocs\blog\index.php(37): CodeIgniter\CodeIgniter->run()
#7 {main}
CRITICAL - 2021-08-18 12:25:16 --> Object of class CodeIgniter\HTTP\RedirectResponse could not be converted to string
#0 C:\xampp\htdocs\blog\app\Controllers\Login_register.php(34): CodeIgniter\Debug\Exceptions->errorHandler(4096, 'Object of class...', 'C:\\xampp\\htdocs...', 34, Array)
#1 C:\xampp\htdocs\blog\vendor\codeigniter4\framework\system\CodeIgniter.php(928): App\Controllers\Login_register->register_handle()
#2 C:\xampp\htdocs\blog\vendor\codeigniter4\framework\system\CodeIgniter.php(436): CodeIgniter\CodeIgniter->runController(Object(App\Controllers\Login_register))
#3 C:\xampp\htdocs\blog\vendor\codeigniter4\framework\system\CodeIgniter.php(336): CodeIgniter\CodeIgniter->handleRequest(NULL, Object(Config\Cache), false)
#4 C:\xampp\htdocs\blog\index.php(37): CodeIgniter\CodeIgniter->run()
#5 {main}
CRITICAL - 2021-08-18 12:41:50 --> Array to string conversion
#0 C:\xampp\htdocs\blog\app\Controllers\Login_register.php(58): CodeIgniter\Debug\Exceptions->errorHandler(8, 'Array to string...', 'C:\\xampp\\htdocs...', 58, Array)
#1 C:\xampp\htdocs\blog\vendor\codeigniter4\framework\system\CodeIgniter.php(928): App\Controllers\Login_register->login_handle()
#2 C:\xampp\htdocs\blog\vendor\codeigniter4\framework\system\CodeIgniter.php(436): CodeIgniter\CodeIgniter->runController(Object(App\Controllers\Login_register))
#3 C:\xampp\htdocs\blog\vendor\codeigniter4\framework\system\CodeIgniter.php(336): CodeIgniter\CodeIgniter->handleRequest(NULL, Object(Config\Cache), false)
#4 C:\xampp\htdocs\blog\index.php(37): CodeIgniter\CodeIgniter->run()
#5 {main}
CRITICAL - 2021-08-18 12:51:02 --> Too few arguments to function CodeIgniter\Session\Session::remove(), 0 passed in C:\xampp\htdocs\blog\app\Controllers\Login_register.php on line 58 and exactly 1 expected
#0 C:\xampp\htdocs\blog\app\Controllers\Login_register.php(58): CodeIgniter\Session\Session->remove()
#1 C:\xampp\htdocs\blog\vendor\codeigniter4\framework\system\CodeIgniter.php(928): App\Controllers\Login_register->login_handle()
#2 C:\xampp\htdocs\blog\vendor\codeigniter4\framework\system\CodeIgniter.php(436): CodeIgniter\CodeIgniter->runController(Object(App\Controllers\Login_register))
#3 C:\xampp\htdocs\blog\vendor\codeigniter4\framework\system\CodeIgniter.php(336): CodeIgniter\CodeIgniter->handleRequest(NULL, Object(Config\Cache), false)
#4 C:\xampp\htdocs\blog\index.php(37): CodeIgniter\CodeIgniter->run()
#5 {main}
